[2022-04-06 14:39:05,707 - filter - INFO] :: Dropping the following columns from original metadata:
['roommates', 'age_cat', 'bmi_corrected', 'height_cm', 'latitude', 'longitude', 'elevation', 'collection_time', 'allergic_to_i_have_no_food_allergies_that_i_know_of', 'vioscreen_add_sug', 'vioscreen_a_bev', 'vioscreen_calcium_avg', 'vioscreen_d_cheese', 'vioscreen_f_citmlb', 'vioscreen_g_whl', 'vioscreen_m_fish_hi', 'vioscreen_m_frank', 'vioscreen_m_meat', 'vioscreen_m_mpf', 'vioscreen_salad_vegetable_servings', 'vioscreen_v_starcy', 'vioscreen_alanine', 'vioscreen_alphacar', 'vioscreen_alphtoce', 'vioscreen_avcarb', 'vioscreen_betacryp', 'vioscreen_betatoco', 'vioscreen_biochana', 'vioscreen_caffeine', 'vioscreen_calcium.1', 'vioscreen_cholest', 'vioscreen_clac9t11', 'vioscreen_copper', 'vioscreen_daidzein', 'vioscreen_delttoco', 'vioscreen_erythr', 'vioscreen_fiber', 'vioscreen_fol_deqv', 'vioscreen_formontn', 'vioscreen_grams', 'vioscreen_inositol', 'vioscreen_lutzeax', 'vioscreen_lycopene', 'vioscreen_tfa181t', 'vioscreen_xylitol', 'alcohol_consumption', 'alcohol_types_beercider', 'alcohol_types_red_wine', 'alcohol_types_sour_beers', 'alcohol_types_spiritshard_alcohol', 'alcohol_types_white_wine']
/var/spool/slurmd/job219705/slurm_script:239: DtypeWarning: Columns (39,66,91,102,130,178,207,220,223,227,238,243,255,266,268,273,301,347,361,406,407,422) have mixed types.Specify dtype option on import or set low_memory=False.
  main()
[2022-04-06 14:39:06,225 - filter - INFO] :: Original table shape: (274324, 9511)
[2022-04-06 14:39:06,365 - filter - INFO] :: Replacing bowel_movement_quality values
[2022-04-06 14:39:06,366 - filter - INFO] :: Subsetting countries to only include:
['USA', 'United Kingdom', 'Australia', 'Canada']
[2022-04-06 14:39:06,372 - filter - INFO] :: 
West         2887
Northeast    1404
South        1332
Midwest       790
Name: census_region, dtype: int64
[2022-04-06 14:39:06,379 - filter - INFO] :: 
No     8717
Yes     794
Name: non_food_allergies_pet_dander, dtype: int64
[2022-04-06 14:39:06,385 - filter - INFO] :: 
No     889
Yes     66
Name: specialized_diet_modified_paleo_diet, dtype: int64
[2022-04-06 14:39:06,392 - filter - INFO] :: 
Rarely (less than once/week)     2634
Occasionally (1-2 times/week)    2343
Regularly (3-5 times/week)        912
Never                             514
Daily                             164
Name: prepared_meals_frequency, dtype: int64
[2022-04-06 14:39:06,397 - filter - INFO] :: 
Never                            3350
Rarely (less than once/week)     2081
Occasionally (1-2 times/week)     871
Regularly (3-5 times/week)        227
Daily                              28
Name: ready_to_eat_meals_frequency, dtype: int64
[2022-04-06 14:39:06,402 - filter - INFO] :: 
USA               6634
United Kingdom    2071
Australia          280
Canada             136
Name: country, dtype: int64
[2022-04-06 14:39:06,409 - filter - INFO] :: 
No     853
Yes    102
Name: specialized_diet_other_restrictions_not_described_here, dtype: int64
[2022-04-06 14:39:06,416 - filter - INFO] :: 
Never                         4401
Rarely (a few times/month)    3691
Weekly                        1189
Name: pool_frequency, dtype: int64
[2022-04-06 14:39:06,422 - filter - INFO] :: 
Regularly (3-5 times/week)       2419
Daily                            1698
Occasionally (1-2 times/week)    1281
Rarely (less than once/week)      704
Never                             433
Name: olive_oil, dtype: int64
[2022-04-06 14:39:06,429 - filter - INFO] :: 
No     7529
Yes    1566
Name: lactose, dtype: int64
[2022-04-06 14:39:06,435 - filter - INFO] :: 
No          8235
Yes          957
Not sure      30
Name: appendix_removed, dtype: int64
[2022-04-06 14:39:06,442 - filter - INFO] :: 
I have not taken antibiotics in the past year.    6213
Year                                              1394
6 months                                          1162
Month                                              492
Name: antibiotic_history, dtype: int64
[2022-04-06 14:39:06,449 - filter - INFO] :: 
Never                            2718
Rarely (a few times/month)       1309
Daily                            1191
Regularly (3-5 times/week)        698
Occasionally (1-2 times/week)     651
Name: probiotic_frequency, dtype: int64
[2022-04-06 14:39:06,455 - filter - INFO] :: 
No     2572
Yes     482
Name: acid_reflux, dtype: int64
[2022-04-06 14:39:06,463 - filter - INFO] :: 
7-8 hours          3810
6-7 hours          2826
8 or more hours    1659
Less than 6        1011
Name: sleep_duration, dtype: int64
[2022-04-06 14:39:06,470 - filter - INFO] :: 
Omnivore                            7619
Omnivore but do not eat red meat     615
Vegetarian                           578
Vegetarian but eat seafood           458
Name: diet_type, dtype: int64
[2022-04-06 14:39:06,478 - filter - INFO] :: 
I have lived in my current state of residence for more than a year.    5975
Within the past year                                                    247
Within the past 3 months                                                197
Within the past 6 months                                                163
Name: last_move, dtype: int64
[2022-04-06 14:39:06,484 - filter - INFO] :: 
Daily                            3600
Regularly (3-5 times/week)       2233
Occasionally (1-2 times/week)     402
Rarely (less than once/week)      182
Never                             121
Name: homecooked_meals_frequency, dtype: int64
[2022-04-06 14:39:06,491 - filter - INFO] :: 
No     3318
Yes      57
Name: mental_illness_type_ptsd_posttraumatic_stress_disorder, dtype: int64
[2022-04-06 14:39:06,497 - filter - INFO] :: 
Primarily breast milk                   3031
Primarily infant formula                1655
A mixture of breast milk and formula    1027
Not sure                                 846
Name: fed_as_infant, dtype: int64
[2022-04-06 14:39:06,504 - filter - INFO] :: 
No     828
Yes    127
Name: specialized_diet_exclude_refined_sugars, dtype: int64
[2022-04-06 14:39:06,510 - filter - INFO] :: 
No     6728
Yes    2512
Name: cat, dtype: int64
[2022-04-06 14:39:06,516 - filter - INFO] :: 
Daily                            8807
Regularly (3-5 times/week)        358
Occasionally (1-2 times/week)      67
Rarely (a few times/month)         31
Never                              30
Name: teethbrushing_frequency, dtype: int64
[2022-04-06 14:39:06,523 - filter - INFO] :: 
No     4795
Yes    1398
Name: clinical_condition, dtype: int64
[2022-04-06 14:39:06,530 - filter - INFO] :: 
No     6083
Yes    3069
Name: softener, dtype: int64
[2022-04-06 14:39:06,535 - filter - INFO] :: 
No     7706
Yes     762
Name: migraine, dtype: int64
[2022-04-06 14:39:06,542 - filter - INFO] :: 
Never                            2395
Rarely (a few times/month)        462
Occasionally (1-2 times/week)     163
Regularly (3-5 times/week)        126
Daily                             116
Name: artificial_sweeteners, dtype: int64
[2022-04-06 14:39:06,548 - filter - INFO] :: 
No     2982
Yes     245
Name: cancer, dtype: int64
[2022-04-06 14:39:06,555 - filter - INFO] :: 
No     6178
Yes    3077
Name: multivitamin, dtype: int64
[2022-04-06 14:39:06,561 - filter - INFO] :: 
No     7331
Yes    1825
Name: nail_biter, dtype: int64
[2022-04-06 14:39:06,568 - filter - INFO] :: 
Rarely (less than once/week)     2619
Occasionally (1-2 times/week)    1718
Never                            1481
Regularly (3-5 times/week)        613
Daily                              75
Name: high_fat_red_meat_frequency, dtype: int64
[2022-04-06 14:39:06,575 - filter - INFO] :: 
No     2892
Yes     371
Name: pets_other, dtype: int64
[2022-04-06 14:39:06,583 - filter - INFO] :: 
Never                           4724
Rarely (less than once/week)    1276
Weekly                           532
Name: sugar_sweetened_drink_frequency, dtype: int64
[2022-04-06 14:39:06,589 - filter - INFO] :: 
I am right handed    8107
I am left handed      870
I am ambidextrous     235
Name: dominant_hand, dtype: int64
[2022-04-06 14:39:06,595 - filter - INFO] :: 
Graduate or Professional degree         2992
Bachelor's degree                       1615
Some college or technical school         641
Some graduate school or professional     480
High School or GED equilivant            266
Did not complete high school             216
Associate's degree                       163
Name: level_of_education, dtype: int64
[2022-04-06 14:39:06,602 - filter - INFO] :: 
No     8769
Yes     742
Name: non_food_allergies_poison_ivyoak, dtype: int64
[2022-04-06 14:39:06,610 - filter - INFO] :: 
Never                         1416
Rarely (a few times/month)    1308
Weekly                         481
Name: vivid_dreams, dtype: int64
[2022-04-06 14:39:06,617 - filter - INFO] :: 
Never                            3122
Rarely (less than once/week)     1105
Daily                             994
Regularly (3-5 times/week)        700
Occasionally (1-2 times/week)     620
Name: milk_substitute_frequency, dtype: int64
[2022-04-06 14:39:06,622 - filter - INFO] :: 
City        4363
Filtered    3297
Bottled      860
Well         699
Not sure      96
Name: drinking_water_source, dtype: int64
[2022-04-06 14:39:06,629 - filter - INFO] :: 
Regularly (3-5 times/week)       2676
Daily                            2201
Occasionally (1-2 times/week)    1055
Rarely (less than once/week)      351
Never                             281
Name: meat_eggs_frequency, dtype: int64
[2022-04-06 14:39:06,636 - filter - INFO] :: 
Yes    5076
No     4150
Name: other_supplement_frequency, dtype: int64
[2022-04-06 14:39:06,642 - filter - INFO] :: 
No          6863
Yes         2249
Not sure      88
Name: tonsils_removed, dtype: int64
[2022-04-06 14:39:06,648 - filter - INFO] :: 
Rarely (less than once/week)     2397
Occasionally (1-2 times/week)    1817
Regularly (3-5 times/week)       1032
Never                            1032
Daily                             273
Name: salted_snacks_frequency, dtype: int64
[2022-04-06 14:39:06,655 - filter - INFO] :: 
No                                               7143
Yes, I am taking the "pill"                       368
Yes, I use a hormonal IUD (Mirena)                155
Yes, I use the NuvaRing                            38
Yes, I use an injected contraceptive (DMPA)        21
Yes, I use a contraceptive patch (Ortho-Evra)       8
Name: contraceptive, dtype: int64
[2022-04-06 14:39:06,660 - filter - INFO] :: 
I have not gotten the flu vaccine in the past year.    5352
6 months                                               1834
Year                                                   1678
Month                                                   302
Week                                                     67
Name: flu_vaccine_date, dtype: int64
[2022-04-06 14:39:06,667 - filter - INFO] :: 
No     5068
Yes     883
Name: ibs, dtype: int64
[2022-04-06 14:39:06,673 - filter - INFO] :: 
Caucasian                    8348
Asian or Pacific Islander     433
Other                         275
Hispanic                      199
African American               67
Name: race, dtype: int64
[2022-04-06 14:39:06,682 - filter - INFO] :: Dropping collection_month since it has too many levels.
[2022-04-06 14:39:06,689 - filter - INFO] :: 
No          5116
Yes         3680
Not sure     414
Name: livingwith, dtype: int64
[2022-04-06 14:39:06,695 - filter - INFO] :: 
Regularly (3-5 times/week)       1714
Daily                            1487
Occasionally (1-2 times/week)    1285
Rarely (less than once/week)     1093
Never                             964
Name: milk_cheese_frequency, dtype: int64
[2022-04-06 14:39:06,701 - filter - INFO] :: 
Yes         7435
No          1361
Not sure     422
Name: chickenpox, dtype: int64
[2022-04-06 14:39:06,707 - filter - INFO] :: 
No     5334
Yes     305
Name: fungal_overgrowth, dtype: int64
[2022-04-06 14:39:06,712 - filter - INFO] :: 
Never                            5104
Daily                            1796
Regularly (3-5 times/week)        912
Rarely (a few times/month)        848
Occasionally (1-2 times/week)     592
Name: cosmetics_frequency, dtype: int64
[2022-04-06 14:39:06,718 - filter - INFO] :: 
I use deodorant                                              3312
I do not use deodorant or an antiperspirant                  2716
I use an antiperspirant                                      2039
Not sure, but I use some form of deodorant/antiperspirant    1205
Name: deodorant_use, dtype: int64
[2022-04-06 14:39:06,724 - filter - INFO] :: 
No     6310
Yes     217
Name: cardiovascular_disease, dtype: int64
[2022-04-06 14:39:06,730 - filter - INFO] :: 
Daily                            3334
Regularly (3-5 times/week)       1595
Occasionally (1-2 times/week)     812
Rarely (less than once/week)      544
Never                             231
Name: one_liter_of_water_a_day_frequency, dtype: int64
[2022-04-06 14:39:06,738 - filter - INFO] :: 
I tend to have normal formed stool                          4622
I tend to have diarrhea (watery stool)                       951
I tend to be constipated (have difficulty passing stool)     777
Name: bowel_movement_quality, dtype: int64
[2022-04-06 14:39:06,743 - filter - INFO] :: 
No     8115
Yes     801
Name: lung_disease, dtype: int64
[2022-04-06 14:39:06,751 - filter - INFO] :: 
One              3159
Two              1721
Less than one     629
Three             530
Four or more      206
Name: bowel_movement_frequency, dtype: int64
[2022-04-06 14:39:06,760 - filter - INFO] :: Dropping state since it has too many levels.
[2022-04-06 14:39:06,767 - filter - INFO] :: 
No          7961
Yes          953
Not sure     332
Name: csection, dtype: int64
[2022-04-06 14:39:06,773 - filter - INFO] :: 
Daily                            3516
Rarely (a few times/month)       1650
Regularly (3-5 times/week)       1522
Occasionally (1-2 times/week)    1503
Never                            1091
Name: flossing_frequency, dtype: int64
[2022-04-06 14:39:06,779 - filter - INFO] :: 
No     6420
Yes    2871
Name: dog, dtype: int64
[2022-04-06 14:39:06,785 - filter - INFO] :: 
No     5682
Yes     719
Name: autoimmune, dtype: int64
[2022-04-06 14:39:06,791 - filter - INFO] :: 
Occasionally (1-2 times/week)    2760
Rarely (less than once/week)     2021
Regularly (3-5 times/week)        869
Never                             822
Daily                              65
Name: seafood_frequency, dtype: int64
[2022-04-06 14:39:06,796 - filter - INFO] :: 
No     6789
Yes    1659
Name: skin_condition, dtype: int64
[2022-04-06 14:39:06,802 - filter - INFO] :: 
No     8459
Yes    1052
Name: non_food_allergies_drug_eg_penicillin, dtype: int64
[2022-04-06 14:39:06,808 - filter - INFO] :: 
Remained stable                  7687
Decreased more than 10 pounds     820
Increased more than 10 pounds     689
Name: weight_change, dtype: int64
[2022-04-06 14:39:06,814 - filter - INFO] :: 
No                                                                               7039
I do not eat gluten because it makes me feel bad                                 1080
I was diagnosed with gluten allergy (anti-gluten IgG), but not celiac disease     249
I was diagnosed with celiac disease                                                94
Name: gluten, dtype: int64
[2022-04-06 14:39:06,820 - filter - INFO] :: 
I have not been outside of my country of residence in the past year.    4264
1 year                                                                  1522
3 months                                                                1242
6 months                                                                1170
Month                                                                    973
Name: last_travel, dtype: int64
[2022-04-06 14:39:06,827 - filter - INFO] :: 
Both                     3223
Outdoors                 2685
Indoors                  1948
Depends on the season     979
Name: exercise_location, dtype: int64
[2022-04-06 14:39:06,834 - filter - INFO] :: 
Occasionally (1-2 times/week)    1732
Rarely (less than once/week)     1660
Regularly (3-5 times/week)       1440
Daily                             869
Never                             859
Name: sugary_sweets_frequency, dtype: int64
[2022-04-06 14:39:06,840 - filter - INFO] :: 
No     9364
Yes     147
Name: non_food_allergies_sun, dtype: int64
[2022-04-06 14:39:06,848 - filter - INFO] :: 
Daily                            3373
Regularly (3-5 times/week)       2292
Occasionally (1-2 times/week)     632
Less than weekly                  241
Name: vegetable_frequency, dtype: int64
[2022-04-06 14:39:06,855 - filter - INFO] :: 
No     2771
Yes     438
Name: mental_illness, dtype: int64
[2022-04-06 14:39:06,862 - filter - INFO] :: 
No     8485
Yes     721
Name: acne_medication_otc, dtype: int64
[2022-04-06 14:39:06,868 - filter - INFO] :: 
No     5515
Yes    3577
Name: seasonal_allergies, dtype: int64
[2022-04-06 14:39:06,874 - filter - INFO] :: 
No     9319
Yes     192
Name: non_food_allergies_beestings, dtype: int64
[2022-04-06 14:39:06,880 - filter - INFO] :: 
11 to 20        2123
6 to 10         1513
21 to 30        1245
More than 30     703
Less than 5      460
Name: types_of_plants, dtype: int64
[2022-04-06 14:39:06,888 - filter - INFO] :: 
Never                         8749
Rarely (a few times/month)     316
Weekly                         239
Name: smoking_frequency, dtype: int64
[2022-04-06 14:39:06,894 - filter - INFO] :: 
Daily                            1996
Regularly (3-5 times/week)       1990
Occasionally (1-2 times/week)    1321
Rarely (less than once/week)      853
Never                             365
Name: fruit_frequency, dtype: int64
[2022-04-06 14:39:06,900 - filter - INFO] :: 
No     5994
Yes     273
Name: add_adhd, dtype: int64
[2022-04-06 14:39:06,907 - filter - INFO] :: 
No     9335
Yes     176
Name: allergic_to_shellfish, dtype: int64
[2022-04-06 14:39:06,913 - filter - INFO] :: 
Regularly (3-5 times/week)       3715
Occasionally (1-2 times/week)    2219
Daily                            2045
Rarely (a few times/month)       1021
Never                             277
Name: exercise_frequency, dtype: int64
[2022-04-06 14:39:06,920 - filter - INFO] :: 
No     875
Yes     80
Name: specialized_diet_westenprice_or_other_lowgrain_low_processed_fo, dtype: int64
[2022-04-06 14:39:06,926 - filter - INFO] :: 
1-2              500
1                334
2-3              277
I don't drink    248
3-4              103
4+                69
Name: drinks_per_session, dtype: int64
[2022-04-06 14:39:06,932 - filter - INFO] :: 
Rarely (less than once/week)     2251
Never                            2143
Occasionally (1-2 times/week)     909
Regularly (3-5 times/week)        642
Daily                             499
Name: fermented_plant_frequency, dtype: int64
[2022-04-06 14:39:06,939 - filter - INFO] :: 
Yes         2631
Not sure    2228
No          1726
Name: consume_animal_products_abx, dtype: int64
[2022-04-06 14:39:06,947 - filter - INFO] :: 
Rarely (less than once/week)    3384
Never                           1942
Weekly                          1226
Name: frozen_dessert_frequency, dtype: int64
[2022-04-06 14:39:06,947 - filter - INFO] :: Filtered metadata shape: (9511, 87)
[2022-04-06 14:39:06,947 - filter - INFO] :: Bloom filtering...
[2022-04-06 14:39:11,111 - filter - INFO] :: Bloom filtered table shape: (274309, 9511)
[2022-04-06 14:39:11,111 - filter - INFO] :: Rarefying to 1250...
[2022-04-06 14:39:25,068 - filter - INFO] :: Rarefied filtered table shape: (274309, 9511)
[2022-04-06 14:39:25,715 - filter - INFO] :: Saved table to data/processed/table.rare.filt.biom!
[2022-04-06 14:39:25,927 - filter - INFO] :: Saved metadata to data/processed/metadata.filt.tsv!
21.271722078323364
