[ Wed Apr  6 14:42:08 PDT 2022 ] :: Start script
Wed Apr  6 14:42:08 PDT 2022
/home/grahman/projects/evident-analyses
b2-003
[ Wed Apr  6 14:42:11 PDT 2022 ] :: Running SEPP...
==> sepp-tbl_gg-err.log <==
[15:57:23] jobs.py (line 132):     INFO: Finished pplacer Job with input: backbone_alignment_file:/tmp/tmp.4PGccgkBKI/sepp-tempssd-Gxq21c7eGg/tbl_gg.2y9xxu8e/root/P_57/pplacer.backbone.t3xdwtmh.fasta, tree_file:/tmp/tmp.4PGccgkBKI/sepp-tempssd-Gxq21c7eGg/tbl_gg.2y9xxu8e/root/P_57/pplacer.tree.4i024gri.tre, info_file:/home/grahman/software/sepp-package/ref/RAxML_info-reference-gg-raxml-bl.info, extended alignment:/tmp/tmp.4PGccgkBKI/sepp-tempssd-Gxq21c7eGg/tbl_gg.2y9xxu8e/root/P_57/pplacer.extended.3.vhacfwsz.fasta, output:/tmp/tmp.4PGccgkBKI/sepp-tempssd-Gxq21c7eGg/tbl_gg.2y9xxu8e/root/P_57/pplacer.extended.3.vhacfwsz.jplace
[15:57:24] jobs.py (line 132):     INFO: Finished pplacer Job with input: backbone_alignment_file:/tmp/tmp.4PGccgkBKI/sepp-tempssd-Gxq21c7eGg/tbl_gg.2y9xxu8e/root/P_57/pplacer.backbone.pmk4k3nm.fasta, tree_file:/tmp/tmp.4PGccgkBKI/sepp-tempssd-Gxq21c7eGg/tbl_gg.2y9xxu8e/root/P_57/pplacer.tree.lfh_xthl.tre, info_file:/home/grahman/software/sepp-package/ref/RAxML_info-reference-gg-raxml-bl.info, extended alignment:/tmp/tmp.4PGccgkBKI/sepp-tempssd-Gxq21c7eGg/tbl_gg.2y9xxu8e/root/P_57/pplacer.extended.6.jbx_n1df.fasta, output:/tmp/tmp.4PGccgkBKI/sepp-tempssd-Gxq21c7eGg/tbl_gg.2y9xxu8e/root/P_57/pplacer.extended.6.jbx_n1df.jplace
[15:57:24] jobs.py (line 132):     INFO: Finished pplacer Job with input: backbone_alignment_file:/tmp/tmp.4PGccgkBKI/sepp-tempssd-Gxq21c7eGg/tbl_gg.2y9xxu8e/root/P_57/pplacer.backbone.vgti37o2.fasta, tree_file:/tmp/tmp.4PGccgkBKI/sepp-tempssd-Gxq21c7eGg/tbl_gg.2y9xxu8e/root/P_57/pplacer.tree.jni4xnr6.tre, info_file:/home/grahman/software/sepp-package/ref/RAxML_info-reference-gg-raxml-bl.info, extended alignment:/tmp/tmp.4PGccgkBKI/sepp-tempssd-Gxq21c7eGg/tbl_gg.2y9xxu8e/root/P_57/pplacer.extended.5.13g2cc6a.fasta, output:/tmp/tmp.4PGccgkBKI/sepp-tempssd-Gxq21c7eGg/tbl_gg.2y9xxu8e/root/P_57/pplacer.extended.5.13g2cc6a.jplace
[15:57:24] jobs.py (line 132):     INFO: Finished pplacer Job with input: backbone_alignment_file:/tmp/tmp.4PGccgkBKI/sepp-tempssd-Gxq21c7eGg/tbl_gg.2y9xxu8e/root/P_57/pplacer.backbone.7ps0kdv_.fasta, tree_file:/tmp/tmp.4PGccgkBKI/sepp-tempssd-Gxq21c7eGg/tbl_gg.2y9xxu8e/root/P_57/pplacer.tree.is27mmuq.tre, info_file:/home/grahman/software/sepp-package/ref/RAxML_info-reference-gg-raxml-bl.info, extended alignment:/tmp/tmp.4PGccgkBKI/sepp-tempssd-Gxq21c7eGg/tbl_gg.2y9xxu8e/root/P_57/pplacer.extended.7.hbofn_rs.fasta, output:/tmp/tmp.4PGccgkBKI/sepp-tempssd-Gxq21c7eGg/tbl_gg.2y9xxu8e/root/P_57/pplacer.extended.7.hbofn_rs.jplace
[15:57:27] jobs.py (line 132):     INFO: Finished pplacer Job with input: backbone_alignment_file:/tmp/tmp.4PGccgkBKI/sepp-tempssd-Gxq21c7eGg/tbl_gg.2y9xxu8e/root/P_59/pplacer.backbone.z0hondw7.fasta, tree_file:/tmp/tmp.4PGccgkBKI/sepp-tempssd-Gxq21c7eGg/tbl_gg.2y9xxu8e/root/P_59/pplacer.tree.812zj_i5.tre, info_file:/home/grahman/software/sepp-package/ref/RAxML_info-reference-gg-raxml-bl.info, extended alignment:/tmp/tmp.4PGccgkBKI/sepp-tempssd-Gxq21c7eGg/tbl_gg.2y9xxu8e/root/P_59/pplacer.extended.4.y4arqe3k.fasta, output:/tmp/tmp.4PGccgkBKI/sepp-tempssd-Gxq21c7eGg/tbl_gg.2y9xxu8e/root/P_59/pplacer.extended.4.y4arqe3k.jplace
[15:57:27] jobs.py (line 132):     INFO: Finished pplacer Job with input: backbone_alignment_file:/tmp/tmp.4PGccgkBKI/sepp-tempssd-Gxq21c7eGg/tbl_gg.2y9xxu8e/root/P_57/pplacer.backbone.t4awel5n.fasta, tree_file:/tmp/tmp.4PGccgkBKI/sepp-tempssd-Gxq21c7eGg/tbl_gg.2y9xxu8e/root/P_57/pplacer.tree.88upwrtw.tre, info_file:/home/grahman/software/sepp-package/ref/RAxML_info-reference-gg-raxml-bl.info, extended alignment:/tmp/tmp.4PGccgkBKI/sepp-tempssd-Gxq21c7eGg/tbl_gg.2y9xxu8e/root/P_57/pplacer.extended.4.essv1qe6.fasta, output:/tmp/tmp.4PGccgkBKI/sepp-tempssd-Gxq21c7eGg/tbl_gg.2y9xxu8e/root/P_57/pplacer.extended.4.essv1qe6.jplace
[16:07:44] jobs.py (line 132):     INFO: Finished jsonmerger Job with input: input:pipe output:/tmp/tmp.4PGccgkBKI/sepp-tmp-SlEQyjqYLb/tbl_gg_placement.json
[16:07:49] algorithm.py (line 197):     INFO: Current execution Finished in 5137 seconds
[16:07:49] algorithm.py (line 200):     INFO: All checkpointed executions Finished in 5137 cumulative time
[16:07:49] algorithm.py (line 208):     INFO: Temp files are left behind at /tmp/tmp.4PGccgkBKI/sepp-tempssd-Gxq21c7eGg/tbl_gg.2y9xxu8e

==> sepp-tbl_gg-out.log <==
output files are at tbl_gg_placement.json tbl_gg_placement.tog.relabelled.tre tbl_gg_placement.tog.relabelled.xml tbl_gg_placement.tog.tre tbl_gg_placement.tog.xml and more files are at /tmp/tmp.4PGccgkBKI/sepp-tmp-SlEQyjqYLb . Consider removing /tmp/tmp.4PGccgkBKI/sepp-tmp-SlEQyjqYLb if its files are not needed.
Removing /tmp/tmp.4PGccgkBKI/sepp-tmp-SlEQyjqYLb
[ Wed Apr  6 16:09:38 PDT 2022 ] :: Finished script!
