[ Wed Apr 20 21:15:48 PDT 2022 ] :: Start script
Wed Apr 20 21:15:48 PDT 2022
/home/grahman/projects/evident-analyses
b2-003
[ Wed Apr 20 21:15:52 PDT 2022 ] :: Running SEPP...
==> sepp-tbl_gg-err.log <==
[21:42:36] jobs.py (line 132):     INFO: Finished pplacer Job with input: backbone_alignment_file:/tmp/tmp.nFkyGSd6JT/sepp-tempssd-409HMJ61cZ/tbl_gg.fgru57go/root/P_59/pplacer.backbone.tpxze6va.fasta, tree_file:/tmp/tmp.nFkyGSd6JT/sepp-tempssd-409HMJ61cZ/tbl_gg.fgru57go/root/P_59/pplacer.tree.dpiw8wbn.tre, info_file:/home/grahman/software/sepp-package/ref/RAxML_info-reference-gg-raxml-bl.info, extended alignment:/tmp/tmp.nFkyGSd6JT/sepp-tempssd-409HMJ61cZ/tbl_gg.fgru57go/root/P_59/pplacer.extended.11.fqabywai.fasta, output:/tmp/tmp.nFkyGSd6JT/sepp-tempssd-409HMJ61cZ/tbl_gg.fgru57go/root/P_59/pplacer.extended.11.fqabywai.jplace
[21:42:36] jobs.py (line 132):     INFO: Finished pplacer Job with input: backbone_alignment_file:/tmp/tmp.nFkyGSd6JT/sepp-tempssd-409HMJ61cZ/tbl_gg.fgru57go/root/P_59/pplacer.backbone.0bkbasqo.fasta, tree_file:/tmp/tmp.nFkyGSd6JT/sepp-tempssd-409HMJ61cZ/tbl_gg.fgru57go/root/P_59/pplacer.tree.nz0s0qfj.tre, info_file:/home/grahman/software/sepp-package/ref/RAxML_info-reference-gg-raxml-bl.info, extended alignment:/tmp/tmp.nFkyGSd6JT/sepp-tempssd-409HMJ61cZ/tbl_gg.fgru57go/root/P_59/pplacer.extended.0.7s3wqojb.fasta, output:/tmp/tmp.nFkyGSd6JT/sepp-tempssd-409HMJ61cZ/tbl_gg.fgru57go/root/P_59/pplacer.extended.0.7s3wqojb.jplace
[21:42:36] jobs.py (line 132):     INFO: Finished pplacer Job with input: backbone_alignment_file:/tmp/tmp.nFkyGSd6JT/sepp-tempssd-409HMJ61cZ/tbl_gg.fgru57go/root/P_59/pplacer.backbone.i1s9oc5l.fasta, tree_file:/tmp/tmp.nFkyGSd6JT/sepp-tempssd-409HMJ61cZ/tbl_gg.fgru57go/root/P_59/pplacer.tree.5eg02yyo.tre, info_file:/home/grahman/software/sepp-package/ref/RAxML_info-reference-gg-raxml-bl.info, extended alignment:/tmp/tmp.nFkyGSd6JT/sepp-tempssd-409HMJ61cZ/tbl_gg.fgru57go/root/P_59/pplacer.extended.12.hr276gnz.fasta, output:/tmp/tmp.nFkyGSd6JT/sepp-tempssd-409HMJ61cZ/tbl_gg.fgru57go/root/P_59/pplacer.extended.12.hr276gnz.jplace
[21:42:36] jobs.py (line 132):     INFO: Finished pplacer Job with input: backbone_alignment_file:/tmp/tmp.nFkyGSd6JT/sepp-tempssd-409HMJ61cZ/tbl_gg.fgru57go/root/P_59/pplacer.backbone.tuf41n1a.fasta, tree_file:/tmp/tmp.nFkyGSd6JT/sepp-tempssd-409HMJ61cZ/tbl_gg.fgru57go/root/P_59/pplacer.tree.xgjhvh3w.tre, info_file:/home/grahman/software/sepp-package/ref/RAxML_info-reference-gg-raxml-bl.info, extended alignment:/tmp/tmp.nFkyGSd6JT/sepp-tempssd-409HMJ61cZ/tbl_gg.fgru57go/root/P_59/pplacer.extended.15.p9mlnw5d.fasta, output:/tmp/tmp.nFkyGSd6JT/sepp-tempssd-409HMJ61cZ/tbl_gg.fgru57go/root/P_59/pplacer.extended.15.p9mlnw5d.jplace
[21:42:36] jobs.py (line 132):     INFO: Finished pplacer Job with input: backbone_alignment_file:/tmp/tmp.nFkyGSd6JT/sepp-tempssd-409HMJ61cZ/tbl_gg.fgru57go/root/P_59/pplacer.backbone.710l38nn.fasta, tree_file:/tmp/tmp.nFkyGSd6JT/sepp-tempssd-409HMJ61cZ/tbl_gg.fgru57go/root/P_59/pplacer.tree.9d_ya3xu.tre, info_file:/home/grahman/software/sepp-package/ref/RAxML_info-reference-gg-raxml-bl.info, extended alignment:/tmp/tmp.nFkyGSd6JT/sepp-tempssd-409HMJ61cZ/tbl_gg.fgru57go/root/P_59/pplacer.extended.1.3be4m_6r.fasta, output:/tmp/tmp.nFkyGSd6JT/sepp-tempssd-409HMJ61cZ/tbl_gg.fgru57go/root/P_59/pplacer.extended.1.3be4m_6r.jplace
[21:42:36] jobs.py (line 132):     INFO: Finished pplacer Job with input: backbone_alignment_file:/tmp/tmp.nFkyGSd6JT/sepp-tempssd-409HMJ61cZ/tbl_gg.fgru57go/root/P_61/pplacer.backbone.1uo4vkfe.fasta, tree_file:/tmp/tmp.nFkyGSd6JT/sepp-tempssd-409HMJ61cZ/tbl_gg.fgru57go/root/P_61/pplacer.tree.pvgqsy58.tre, info_file:/home/grahman/software/sepp-package/ref/RAxML_info-reference-gg-raxml-bl.info, extended alignment:/tmp/tmp.nFkyGSd6JT/sepp-tempssd-409HMJ61cZ/tbl_gg.fgru57go/root/P_61/pplacer.extended.3.c1k4acf0.fasta, output:/tmp/tmp.nFkyGSd6JT/sepp-tempssd-409HMJ61cZ/tbl_gg.fgru57go/root/P_61/pplacer.extended.3.c1k4acf0.jplace
[22:00:32] jobs.py (line 132):     INFO: Finished jsonmerger Job with input: input:pipe output:/tmp/tmp.nFkyGSd6JT/sepp-tmp-JD5K3A4FtO/tbl_gg_placement.json
[22:00:34] algorithm.py (line 197):     INFO: Current execution Finished in 2682 seconds
[22:00:34] algorithm.py (line 200):     INFO: All checkpointed executions Finished in 2682 cumulative time
[22:00:34] algorithm.py (line 208):     INFO: Temp files are left behind at /tmp/tmp.nFkyGSd6JT/sepp-tempssd-409HMJ61cZ/tbl_gg.fgru57go

==> sepp-tbl_gg-out.log <==
output files are at tbl_gg_placement.json tbl_gg_placement.tog.relabelled.tre tbl_gg_placement.tog.relabelled.xml tbl_gg_placement.tog.tre tbl_gg_placement.tog.xml and more files are at /tmp/tmp.nFkyGSd6JT/sepp-tmp-JD5K3A4FtO . Consider removing /tmp/tmp.nFkyGSd6JT/sepp-tmp-JD5K3A4FtO if its files are not needed.
Removing /tmp/tmp.nFkyGSd6JT/sepp-tmp-JD5K3A4FtO
[ Wed Apr 20 22:01:52 PDT 2022 ] :: Finished script!
