[2022-04-07 14:32:11,759 - evident - INFO] :: Loading distance matrix...
[2022-04-07 14:32:40,973 - evident - INFO] :: Finished loading distance matrix!
/home/grahman/projects/evident/evident/utils.py:20: UserWarning: Data and metadata do not have the same sample IDs. Using 9488 samples common to both.
  warn(msg)
[2022-04-07 14:32:43,165 - evident - INFO] :: Calculating pairwise effect sizes...
[2022-04-07 14:35:58,007 - evident - INFO] :: 
       effect_size    metric               column          group_1   group_2
0         6.866900  cohens_d  center_project_name              AG3       AG5
1         6.211131  cohens_d                state               AG        WV
2         5.003387  cohens_d                state            Tyrol        WV
3         4.752887  cohens_d                state               AG        VD
4         4.741351  cohens_d                state         Akershus        WV
...            ...       ...                  ...              ...       ...
11776          NaN  cohens_d     extraction_robot  CARMEN_HOWE_KF4  HOWE_KF3
11777          NaN  cohens_d     extraction_robot  CARMEN_HOWE_KF4  HOWE_KF4
11778          NaN  cohens_d     extraction_robot  CARMEN_HOWE_KF4      HowE
11779          NaN  cohens_d     extraction_robot  CARMEN_HOWE_KF4      NEWE
11780          NaN  cohens_d     extraction_robot  CARMEN_HOWE_KF4      NewE

[11781 rows x 5 columns]
[2022-04-07 14:35:58,123 - evident - INFO] :: Finished calculating pairwise effect sizes!
Total time: 226.62238836288452
