[2022-04-07 14:55:49,848 - evident - INFO] :: Loading distance matrix...
[2022-04-07 14:56:19,556 - evident - INFO] :: Finished loading distance matrix!
/home/grahman/projects/evident/evident/utils.py:20: UserWarning: Data and metadata do not have the same sample IDs. Using 9488 samples common to both.
  warn(msg)
/home/grahman/miniconda3/envs/evident-analyses/lib/python3.7/site-packages/numpy/core/fromnumeric.py:3724: RuntimeWarning: Degrees of freedom <= 0 for slice
  **kwargs)
/home/grahman/miniconda3/envs/evident-analyses/lib/python3.7/site-packages/numpy/core/_methods.py:223: RuntimeWarning: invalid value encountered in true_divide
  subok=False)
/home/grahman/miniconda3/envs/evident-analyses/lib/python3.7/site-packages/numpy/core/_methods.py:254: RuntimeWarning: invalid value encountered in double_scalars
  ret = ret.dtype.type(ret / rcount)
/home/grahman/miniconda3/envs/evident-analyses/lib/python3.7/site-packages/numpy/core/fromnumeric.py:3441: RuntimeWarning: Mean of empty slice.
  out=out, **kwargs)
/home/grahman/miniconda3/envs/evident-analyses/lib/python3.7/site-packages/numpy/core/_methods.py:189: RuntimeWarning: invalid value encountered in double_scalars
  ret = ret.dtype.type(ret / rcount)
/home/grahman/miniconda3/envs/evident-analyses/lib/python3.7/site-packages/numpy/core/fromnumeric.py:3724: RuntimeWarning: Degrees of freedom <= 0 for slice
  **kwargs)
/home/grahman/miniconda3/envs/evident-analyses/lib/python3.7/site-packages/numpy/core/_methods.py:254: RuntimeWarning: invalid value encountered in double_scalars
  ret = ret.dtype.type(ret / rcount)
/home/grahman/miniconda3/envs/evident-analyses/lib/python3.7/site-packages/numpy/core/_methods.py:223: RuntimeWarning: invalid value encountered in true_divide
  subok=False)
/home/grahman/miniconda3/envs/evident-analyses/lib/python3.7/site-packages/numpy/core/fromnumeric.py:3441: RuntimeWarning: Mean of empty slice.
  out=out, **kwargs)
/home/grahman/miniconda3/envs/evident-analyses/lib/python3.7/site-packages/numpy/core/_methods.py:189: RuntimeWarning: invalid value encountered in double_scalars
  ret = ret.dtype.type(ret / rcount)
[2022-04-07 14:58:10,570 - evident - INFO] :: 
   alpha  total_observations  ...    metric                    column
0   0.01                  20  ...  cohens_f  prepared_meals_frequency
1   0.05                  20  ...  cohens_f  prepared_meals_frequency
2   0.10                  20  ...  cohens_f  prepared_meals_frequency
3   0.01                  60  ...  cohens_f  prepared_meals_frequency
4   0.05                  60  ...  cohens_f  prepared_meals_frequency

[5 rows x 7 columns]
[Parallel(n_jobs=8)]: Using backend MultiprocessingBackend with 8 concurrent workers.
[Parallel(n_jobs=8)]: Done   1 tasks      | elapsed:    3.4s
[Parallel(n_jobs=8)]: Done   2 tasks      | elapsed:    4.7s
[Parallel(n_jobs=8)]: Done   3 tasks      | elapsed:    4.9s
[Parallel(n_jobs=8)]: Done   4 tasks      | elapsed:    5.1s
[Parallel(n_jobs=8)]: Done   5 tasks      | elapsed:    5.2s
[Parallel(n_jobs=8)]: Done   6 tasks      | elapsed:   14.1s
[Parallel(n_jobs=8)]: Done   7 tasks      | elapsed:   14.2s
[Parallel(n_jobs=8)]: Done   8 tasks      | elapsed:   14.4s
[Parallel(n_jobs=8)]: Done   9 tasks      | elapsed:   17.4s
[Parallel(n_jobs=8)]: Done  10 tasks      | elapsed:   17.6s
[Parallel(n_jobs=8)]: Done  11 tasks      | elapsed:   18.2s
[Parallel(n_jobs=8)]: Done  12 tasks      | elapsed:   18.9s
[Parallel(n_jobs=8)]: Done  13 tasks      | elapsed:   21.0s
[Parallel(n_jobs=8)]: Done  14 tasks      | elapsed:   21.3s
[Parallel(n_jobs=8)]: Done  15 tasks      | elapsed:   21.9s
[Parallel(n_jobs=8)]: Done  16 tasks      | elapsed:   22.0s
[Parallel(n_jobs=8)]: Done  17 tasks      | elapsed:   24.2s
[Parallel(n_jobs=8)]: Done  18 tasks      | elapsed:   25.7s
[Parallel(n_jobs=8)]: Done  19 tasks      | elapsed:   25.8s
[Parallel(n_jobs=8)]: Done  20 tasks      | elapsed:   26.8s
[Parallel(n_jobs=8)]: Done  21 tasks      | elapsed:   27.3s
[Parallel(n_jobs=8)]: Done  22 tasks      | elapsed:   28.6s
[Parallel(n_jobs=8)]: Done  23 tasks      | elapsed:   29.3s
[Parallel(n_jobs=8)]: Done  24 tasks      | elapsed:   30.1s
[Parallel(n_jobs=8)]: Done  25 tasks      | elapsed:   31.3s
[Parallel(n_jobs=8)]: Done  26 tasks      | elapsed:   31.6s
[Parallel(n_jobs=8)]: Done  27 tasks      | elapsed:   31.6s
[Parallel(n_jobs=8)]: Done  28 tasks      | elapsed:   32.3s
[Parallel(n_jobs=8)]: Done  29 tasks      | elapsed:   35.0s
[Parallel(n_jobs=8)]: Done  30 tasks      | elapsed:   37.4s
[Parallel(n_jobs=8)]: Done  31 tasks      | elapsed:   38.2s
[Parallel(n_jobs=8)]: Done  32 tasks      | elapsed:   38.5s
[Parallel(n_jobs=8)]: Done  33 tasks      | elapsed:   40.3s
[Parallel(n_jobs=8)]: Done  34 tasks      | elapsed:   40.5s
[Parallel(n_jobs=8)]: Done  35 tasks      | elapsed:   41.0s
[Parallel(n_jobs=8)]: Done  36 tasks      | elapsed:   41.6s
[Parallel(n_jobs=8)]: Done  37 tasks      | elapsed:   42.6s
[Parallel(n_jobs=8)]: Done  38 tasks      | elapsed:   43.1s
[Parallel(n_jobs=8)]: Done  39 tasks      | elapsed:   43.3s
[Parallel(n_jobs=8)]: Done  40 tasks      | elapsed:   45.7s
[Parallel(n_jobs=8)]: Done  41 tasks      | elapsed:   46.3s
[Parallel(n_jobs=8)]: Done  42 tasks      | elapsed:   46.9s
[Parallel(n_jobs=8)]: Done  43 tasks      | elapsed:   48.1s
[Parallel(n_jobs=8)]: Done  44 tasks      | elapsed:   48.9s
[Parallel(n_jobs=8)]: Done  45 tasks      | elapsed:   49.0s
[Parallel(n_jobs=8)]: Done  46 tasks      | elapsed:   49.5s
[Parallel(n_jobs=8)]: Done  47 tasks      | elapsed:   52.3s
[Parallel(n_jobs=8)]: Done  48 tasks      | elapsed:   53.4s
[Parallel(n_jobs=8)]: Done  49 tasks      | elapsed:   56.3s
[Parallel(n_jobs=8)]: Done  50 tasks      | elapsed:   56.4s
[Parallel(n_jobs=8)]: Done  51 tasks      | elapsed:   56.4s
[Parallel(n_jobs=8)]: Done  52 tasks      | elapsed:   57.8s
[Parallel(n_jobs=8)]: Done  53 tasks      | elapsed:   58.7s
[Parallel(n_jobs=8)]: Done  54 tasks      | elapsed:  1.0min
[Parallel(n_jobs=8)]: Done  55 tasks      | elapsed:  1.0min
[Parallel(n_jobs=8)]: Done  56 tasks      | elapsed:  1.0min
[Parallel(n_jobs=8)]: Done  57 tasks      | elapsed:  1.1min
[Parallel(n_jobs=8)]: Done  58 tasks      | elapsed:  1.1min
[Parallel(n_jobs=8)]: Done  59 tasks      | elapsed:  1.1min
[Parallel(n_jobs=8)]: Done  60 tasks      | elapsed:  1.1min
[Parallel(n_jobs=8)]: Done  61 tasks      | elapsed:  1.1min
[Parallel(n_jobs=8)]: Done  62 tasks      | elapsed:  1.1min
[Parallel(n_jobs=8)]: Done  63 tasks      | elapsed:  1.2min
[Parallel(n_jobs=8)]: Done  64 tasks      | elapsed:  1.2min
[Parallel(n_jobs=8)]: Done  65 tasks      | elapsed:  1.2min
[Parallel(n_jobs=8)]: Done  66 tasks      | elapsed:  1.2min
[Parallel(n_jobs=8)]: Done  67 tasks      | elapsed:  1.2min
[Parallel(n_jobs=8)]: Done  68 tasks      | elapsed:  1.2min
[Parallel(n_jobs=8)]: Done  69 tasks      | elapsed:  1.3min
[Parallel(n_jobs=8)]: Done  70 tasks      | elapsed:  1.3min
[Parallel(n_jobs=8)]: Done  71 tasks      | elapsed:  1.3min
[Parallel(n_jobs=8)]: Done  72 tasks      | elapsed:  1.3min
[Parallel(n_jobs=8)]: Done  73 tasks      | elapsed:  1.3min
[Parallel(n_jobs=8)]: Done  74 tasks      | elapsed:  1.4min
[Parallel(n_jobs=8)]: Done  75 tasks      | elapsed:  1.4min
[Parallel(n_jobs=8)]: Done  76 tasks      | elapsed:  1.4min
[Parallel(n_jobs=8)]: Done  77 tasks      | elapsed:  1.4min
[Parallel(n_jobs=8)]: Done  78 tasks      | elapsed:  1.5min
[Parallel(n_jobs=8)]: Done  79 out of  93 | elapsed:  1.5min remaining:   15.6s
[Parallel(n_jobs=8)]: Done  80 out of  93 | elapsed:  1.5min remaining:   14.8s
[Parallel(n_jobs=8)]: Done  81 out of  93 | elapsed:  1.5min remaining:   13.7s
[Parallel(n_jobs=8)]: Done  82 out of  93 | elapsed:  1.6min remaining:   12.5s
[Parallel(n_jobs=8)]: Done  83 out of  93 | elapsed:  1.6min remaining:   11.4s
[Parallel(n_jobs=8)]: Done  84 out of  93 | elapsed:  1.6min remaining:   10.2s
[Parallel(n_jobs=8)]: Done  85 out of  93 | elapsed:  1.6min remaining:    9.0s
[Parallel(n_jobs=8)]: Done  86 out of  93 | elapsed:  1.6min remaining:    7.9s
[Parallel(n_jobs=8)]: Done  87 out of  93 | elapsed:  1.6min remaining:    6.7s
[Parallel(n_jobs=8)]: Done  88 out of  93 | elapsed:  1.6min remaining:    5.6s
[Parallel(n_jobs=8)]: Done  89 out of  93 | elapsed:  1.7min remaining:    4.5s
[Parallel(n_jobs=8)]: Done  90 out of  93 | elapsed:  1.7min remaining:    3.3s
[Parallel(n_jobs=8)]: Done  91 out of  93 | elapsed:  1.7min remaining:    2.2s
[Parallel(n_jobs=8)]: Done  93 out of  93 | elapsed:  1.8min remaining:    0.0s
[Parallel(n_jobs=8)]: Done  93 out of  93 | elapsed:  1.8min finished
Total time: 141.22188448905945
