[2022-04-20 22:15:36,041 - INFO] :: Loading distance matrix...
[2022-04-20 22:16:05,364 - INFO] :: Finished loading distance matrix!
/home/grahman/projects/evident/evident/utils.py:20: UserWarning: Data and metadata do not have the same sample IDs. Using 9495 samples common to both.
  warn(msg)
[2022-04-20 22:16:07,624 - INFO] :: Calculating effect sizes...
/home/grahman/miniconda3/envs/evident-analyses/lib/python3.7/site-packages/numpy/core/fromnumeric.py:3724: RuntimeWarning: Degrees of freedom <= 0 for slice
  **kwargs)
/home/grahman/miniconda3/envs/evident-analyses/lib/python3.7/site-packages/numpy/core/_methods.py:223: RuntimeWarning: invalid value encountered in true_divide
  subok=False)
/home/grahman/miniconda3/envs/evident-analyses/lib/python3.7/site-packages/numpy/core/_methods.py:254: RuntimeWarning: invalid value encountered in double_scalars
  ret = ret.dtype.type(ret / rcount)
/home/grahman/miniconda3/envs/evident-analyses/lib/python3.7/site-packages/numpy/core/fromnumeric.py:3441: RuntimeWarning: Mean of empty slice.
  out=out, **kwargs)
/home/grahman/miniconda3/envs/evident-analyses/lib/python3.7/site-packages/numpy/core/_methods.py:189: RuntimeWarning: invalid value encountered in double_scalars
  ret = ret.dtype.type(ret / rcount)
/home/grahman/miniconda3/envs/evident-analyses/lib/python3.7/site-packages/numpy/core/fromnumeric.py:3724: RuntimeWarning: Degrees of freedom <= 0 for slice
  **kwargs)
/home/grahman/miniconda3/envs/evident-analyses/lib/python3.7/site-packages/numpy/core/_methods.py:223: RuntimeWarning: invalid value encountered in true_divide
  subok=False)
/home/grahman/miniconda3/envs/evident-analyses/lib/python3.7/site-packages/numpy/core/_methods.py:254: RuntimeWarning: invalid value encountered in double_scalars
  ret = ret.dtype.type(ret / rcount)
/home/grahman/miniconda3/envs/evident-analyses/lib/python3.7/site-packages/numpy/core/fromnumeric.py:3441: RuntimeWarning: Mean of empty slice.
  out=out, **kwargs)
/home/grahman/miniconda3/envs/evident-analyses/lib/python3.7/site-packages/numpy/core/_methods.py:189: RuntimeWarning: invalid value encountered in double_scalars
  ret = ret.dtype.type(ret / rcount)
[2022-04-20 22:19:42,061 - INFO] :: 
    effect_size    metric                                             column
0      0.322438  cohens_d  mental_illness_type_ptsd_posttraumatic_stress_...
1      0.275675  cohens_d                                  fungal_overgrowth
2      0.240522  cohens_d            specialized_diet_exclude_refined_sugars
3      0.197043  cohens_d                                         autoimmune
4      0.190181  cohens_d                                 clinical_condition
..          ...       ...                                                ...
89     0.004355  cohens_f                            teethbrushing_frequency
90     0.003186  cohens_f                                      contraceptive
91          NaN  cohens_f                                center_project_name
92          NaN  cohens_f                                   extraction_robot
93          NaN  cohens_f                                              state

[94 rows x 3 columns]
[2022-04-20 22:19:42,067 - INFO] :: Finished calculating effect sizes!
[Parallel(n_jobs=4)]: Using backend MultiprocessingBackend with 4 concurrent workers.
[Parallel(n_jobs=4)]: Done   1 tasks      | elapsed:    0.9s
[Parallel(n_jobs=4)]: Done   2 tasks      | elapsed:    3.5s
[Parallel(n_jobs=4)]: Done   3 tasks      | elapsed:    4.8s
[Parallel(n_jobs=4)]: Done   4 tasks      | elapsed:    7.1s
[Parallel(n_jobs=4)]: Done   5 tasks      | elapsed:   12.7s
[Parallel(n_jobs=4)]: Done   6 tasks      | elapsed:   13.1s
[Parallel(n_jobs=4)]: Done   7 tasks      | elapsed:   14.4s
[Parallel(n_jobs=4)]: Done   8 tasks      | elapsed:   21.7s
[Parallel(n_jobs=4)]: Done   9 tasks      | elapsed:   26.8s
[Parallel(n_jobs=4)]: Done  10 tasks      | elapsed:   27.5s
[Parallel(n_jobs=4)]: Done  11 tasks      | elapsed:   27.7s
[Parallel(n_jobs=4)]: Done  12 tasks      | elapsed:   29.3s
[Parallel(n_jobs=4)]: Done  13 tasks      | elapsed:   31.4s
[Parallel(n_jobs=4)]: Done  14 tasks      | elapsed:   38.8s
[Parallel(n_jobs=4)]: Done  15 tasks      | elapsed:   39.3s
[Parallel(n_jobs=4)]: Done  16 tasks      | elapsed:   40.9s
[Parallel(n_jobs=4)]: Done  17 tasks      | elapsed:   41.9s
[Parallel(n_jobs=4)]: Done  18 tasks      | elapsed:   43.0s
[Parallel(n_jobs=4)]: Done  19 tasks      | elapsed:   46.4s
[Parallel(n_jobs=4)]: Done  20 tasks      | elapsed:   47.2s
[Parallel(n_jobs=4)]: Done  21 tasks      | elapsed:   47.9s
[Parallel(n_jobs=4)]: Done  22 tasks      | elapsed:   51.0s
[Parallel(n_jobs=4)]: Done  23 tasks      | elapsed:   52.8s
[Parallel(n_jobs=4)]: Done  24 tasks      | elapsed:   54.8s
[Parallel(n_jobs=4)]: Done  25 tasks      | elapsed:   55.3s
[Parallel(n_jobs=4)]: Done  26 tasks      | elapsed:   58.1s
[Parallel(n_jobs=4)]: Done  27 tasks      | elapsed:   58.5s
[Parallel(n_jobs=4)]: Done  28 tasks      | elapsed:   59.4s
[Parallel(n_jobs=4)]: Done  29 tasks      | elapsed:   59.7s
[Parallel(n_jobs=4)]: Done  30 tasks      | elapsed:  1.1min
[Parallel(n_jobs=4)]: Done  31 tasks      | elapsed:  1.1min
[Parallel(n_jobs=4)]: Done  32 tasks      | elapsed:  1.1min
[Parallel(n_jobs=4)]: Done  33 tasks      | elapsed:  1.1min
[Parallel(n_jobs=4)]: Done  34 tasks      | elapsed:  1.1min
[Parallel(n_jobs=4)]: Done  35 tasks      | elapsed:  1.2min
[Parallel(n_jobs=4)]: Done  36 tasks      | elapsed:  1.2min
[Parallel(n_jobs=4)]: Done  37 tasks      | elapsed:  1.2min
[Parallel(n_jobs=4)]: Done  38 tasks      | elapsed:  1.3min
[Parallel(n_jobs=4)]: Done  39 tasks      | elapsed:  1.3min
[Parallel(n_jobs=4)]: Done  40 tasks      | elapsed:  1.3min
[Parallel(n_jobs=4)]: Done  41 tasks      | elapsed:  1.4min
[Parallel(n_jobs=4)]: Done  42 tasks      | elapsed:  1.4min
[Parallel(n_jobs=4)]: Done  43 tasks      | elapsed:  1.4min
[Parallel(n_jobs=4)]: Done  44 tasks      | elapsed:  1.5min
[Parallel(n_jobs=4)]: Done  45 tasks      | elapsed:  1.5min
[Parallel(n_jobs=4)]: Done  46 tasks      | elapsed:  1.5min
[Parallel(n_jobs=4)]: Done  47 tasks      | elapsed:  1.6min
[Parallel(n_jobs=4)]: Done  48 tasks      | elapsed:  1.7min
[Parallel(n_jobs=4)]: Done  49 tasks      | elapsed:  1.8min
[Parallel(n_jobs=4)]: Done  50 tasks      | elapsed:  1.8min
[Parallel(n_jobs=4)]: Done  51 tasks      | elapsed:  1.8min
[Parallel(n_jobs=4)]: Done  52 tasks      | elapsed:  1.9min
[Parallel(n_jobs=4)]: Done  53 tasks      | elapsed:  1.9min
[Parallel(n_jobs=4)]: Done  54 tasks      | elapsed:  2.0min
[Parallel(n_jobs=4)]: Done  55 tasks      | elapsed:  2.0min
[Parallel(n_jobs=4)]: Done  56 tasks      | elapsed:  2.0min
[Parallel(n_jobs=4)]: Done  57 tasks      | elapsed:  2.0min
[Parallel(n_jobs=4)]: Done  58 tasks      | elapsed:  2.0min
[Parallel(n_jobs=4)]: Done  59 tasks      | elapsed:  2.0min
[Parallel(n_jobs=4)]: Done  60 tasks      | elapsed:  2.2min
[Parallel(n_jobs=4)]: Done  61 tasks      | elapsed:  2.3min
[Parallel(n_jobs=4)]: Done  62 tasks      | elapsed:  2.3min
[Parallel(n_jobs=4)]: Done  63 tasks      | elapsed:  2.3min
[Parallel(n_jobs=4)]: Done  64 tasks      | elapsed:  2.4min
[Parallel(n_jobs=4)]: Done  65 tasks      | elapsed:  2.4min
[Parallel(n_jobs=4)]: Done  66 tasks      | elapsed:  2.4min
[Parallel(n_jobs=4)]: Done  67 tasks      | elapsed:  2.5min
[Parallel(n_jobs=4)]: Done  68 tasks      | elapsed:  2.5min
[Parallel(n_jobs=4)]: Done  69 tasks      | elapsed:  2.6min
[Parallel(n_jobs=4)]: Done  70 tasks      | elapsed:  2.6min
[Parallel(n_jobs=4)]: Done  71 tasks      | elapsed:  2.6min
[Parallel(n_jobs=4)]: Done  72 tasks      | elapsed:  2.6min
[Parallel(n_jobs=4)]: Done  73 tasks      | elapsed:  2.6min
[Parallel(n_jobs=4)]: Done  74 tasks      | elapsed:  2.7min
[Parallel(n_jobs=4)]: Done  75 tasks      | elapsed:  2.8min
[Parallel(n_jobs=4)]: Done  76 tasks      | elapsed:  2.8min
[Parallel(n_jobs=4)]: Done  77 tasks      | elapsed:  2.8min
[Parallel(n_jobs=4)]: Done  78 tasks      | elapsed:  2.9min
[Parallel(n_jobs=4)]: Done  79 tasks      | elapsed:  2.9min
[Parallel(n_jobs=4)]: Done  80 tasks      | elapsed:  3.0min
[Parallel(n_jobs=4)]: Done  81 tasks      | elapsed:  3.0min
[Parallel(n_jobs=4)]: Done  82 tasks      | elapsed:  3.0min
[Parallel(n_jobs=4)]: Done  83 tasks      | elapsed:  3.0min
[Parallel(n_jobs=4)]: Done  84 tasks      | elapsed:  3.0min
[Parallel(n_jobs=4)]: Done  85 tasks      | elapsed:  3.1min
[Parallel(n_jobs=4)]: Done  86 tasks      | elapsed:  3.1min
[Parallel(n_jobs=4)]: Done  87 tasks      | elapsed:  3.2min
[Parallel(n_jobs=4)]: Done  88 out of  94 | elapsed:  3.2min remaining:   13.3s
[Parallel(n_jobs=4)]: Done  89 out of  94 | elapsed:  3.3min remaining:   11.0s
[Parallel(n_jobs=4)]: Done  90 out of  94 | elapsed:  3.3min remaining:    8.8s
[Parallel(n_jobs=4)]: Done  91 out of  94 | elapsed:  3.4min remaining:    6.7s
[Parallel(n_jobs=4)]: Done  92 out of  94 | elapsed:  3.4min remaining:    4.5s
[Parallel(n_jobs=4)]: Done  94 out of  94 | elapsed:  3.6min remaining:    0.0s
[Parallel(n_jobs=4)]: Done  94 out of  94 | elapsed:  3.6min finished
Total script time: 246.31365299224854
