[ Thu Mar  3 16:45:44 PST 2022 ] :: Start script
Thu Mar  3 16:45:44 PST 2022
/home/grahman/projects/evident-analyses
b2-001
./
./types_of_plants_11_to_20_vs_21_to_30_power.tsv
./types_of_plants_11_to_20_vs_Less_than_5_power.tsv
./types_of_plants_More_than_30_vs_6_to_10_power.tsv
./types_of_plants_More_than_30_vs_21_to_30_power.tsv
./types_of_plants_6_to_10_vs_21_to_30_power.tsv
./types_of_plants_Less_than_5_vs_21_to_30_power.tsv
./types_of_plants_11_to_20_vs_More_than_30_power.tsv
./types_of_plants_More_than_30_vs_Less_than_5_power.tsv
./types_of_plants_6_to_10_vs_Less_than_5_power.tsv
./types_of_plants_11_to_20_vs_6_to_10_power.tsv
./
./bowel_movement_quality_Diarrhea_vs_Constipation_power.tsv
./bowel_movement_quality_Constipation_vs_Normal_power.tsv
./bowel_movement_quality_Diarrhea_vs_Normal_power.tsv
./
./age_cat_40s_vs_50s_power.tsv
./age_cat_30s_vs_70+_power.tsv
./age_cat_60s_vs_30s_power.tsv
./age_cat_40s_vs_70+_power.tsv
./age_cat_30s_vs_50s_power.tsv
./age_cat_30s_vs_teen_power.tsv
./age_cat_70+_vs_teen_power.tsv
./age_cat_40s_vs_teen_power.tsv
./age_cat_60s_vs_50s_power.tsv
./age_cat_40s_vs_30s_power.tsv
./age_cat_60s_vs_70+_power.tsv
./age_cat_60s_vs_40s_power.tsv
./age_cat_60s_vs_teen_power.tsv
./age_cat_20s_vs_30s_power.tsv
./age_cat_40s_vs_20s_power.tsv
./age_cat_20s_vs_50s_power.tsv
./age_cat_50s_vs_70+_power.tsv
./age_cat_50s_vs_teen_power.tsv
./age_cat_60s_vs_20s_power.tsv
./age_cat_20s_vs_70+_power.tsv
./age_cat_20s_vs_teen_power.tsv
./
./antibiotic_history_Year_vs_Month_power.tsv
./antibiotic_history_Week_vs_Month_power.tsv
./antibiotic_history_6_months_vs_Month_power.tsv
./antibiotic_history_I_have_not_taken_antibiotics_in_the_past_year._vs_6_months_power.tsv
./antibiotic_history_6_months_vs_Week_power.tsv
./antibiotic_history_I_have_not_taken_antibiotics_in_the_past_year._vs_Year_power.tsv
./antibiotic_history_I_have_not_taken_antibiotics_in_the_past_year._vs_Week_power.tsv
./antibiotic_history_Year_vs_6_months_power.tsv
./antibiotic_history_I_have_not_taken_antibiotics_in_the_past_year._vs_Month_power.tsv
./antibiotic_history_Year_vs_Week_power.tsv
./
./country_Norway_vs_Czech_Republic_power.tsv
./country_Norway_vs_Greece_power.tsv
./country_Germany_vs_Spain_power.tsv
./country_Australia_vs_Spain_power.tsv
./country_Canada_vs_Italy_power.tsv
./country_Canada_vs_Japan_power.tsv
./country_Greece_vs_Morocco_power.tsv
./country_Greece_vs_Belgium_power.tsv
./country_USA_vs_Italy_power.tsv
./country_USA_vs_Japan_power.tsv
./country_Canada_vs_Austria_power.tsv
./country_Greece_vs_Jersey_power.tsv
./country_Spain_vs_New_Zealand_power.tsv
./country_Denmark_vs_Sweden_power.tsv
./country_Netherlands_vs_Spain_power.tsv
./country_Australia_vs_Austria_power.tsv
./country_Japan_vs_Thailand_power.tsv
./country_Italy_vs_Morocco_power.tsv
./country_Belgium_vs_Czech_Republic_power.tsv
./country_Ireland_vs_Italy_power.tsv
./country_Norway_vs_Philippines_power.tsv
./country_Italy_vs_New_Zealand_power.tsv
./country_Spain_vs_Jersey_power.tsv
./country_Ireland_vs_Japan_power.tsv
./country_United_Kingdom_vs_Morocco_power.tsv
./country_Denmark_vs_India_power.tsv
./country_Thailand_vs_Jersey_power.tsv
./country_Italy_vs_India_power.tsv
./country_Netherlands_vs_Greece_power.tsv
./country_Switzerland_vs_Jersey_power.tsv
./country_United_Kingdom_vs_Belgium_power.tsv
./country_Norway_vs_Thailand_power.tsv
./country_Australia_vs_Singapore_power.tsv
./country_Philippines_vs_Jersey_power.tsv
./country_USA_vs_Morocco_power.tsv
./country_New_Zealand_vs_Jersey_power.tsv
./country_USA_vs_Belgium_power.tsv
./country_Switzerland_vs_Austria_power.tsv
./country_Germany_vs_Belgium_power.tsv
./country_Denmark_vs_Thailand_power.tsv
./country_Ireland_vs_Philippines_power.tsv
./country_France_vs_India_power.tsv
./country_Ireland_vs_Czech_Republic_power.tsv
./country_Ireland_vs_Belgium_power.tsv
./country_Japan_vs_Italy_power.tsv
./country_Austria_vs_Jersey_power.tsv
./country_Germany_vs_Morocco_power.tsv
./country_Spain_vs_Austria_power.tsv
./country_Ireland_vs_Morocco_power.tsv
./country_New_Zealand_vs_Morocco_power.tsv
./country_Switzerland_vs_Morocco_power.tsv
./country_Switzerland_vs_Belgium_power.tsv
./country_Denmark_vs_Netherlands_power.tsv
./country_Philippines_vs_Greece_power.tsv
./country_USA_vs_Austria_power.tsv
./country_Japan_vs_Czech_Republic_power.tsv
./country_Germany_vs_Sweden_power.tsv
./country_Germany_vs_Austria_power.tsv
./country_Spain_vs_Morocco_power.tsv
./country_Ireland_vs_Austria_power.tsv
./country_Spain_vs_Belgium_power.tsv
./country_Norway_vs_Italy_power.tsv
./country_Spain_vs_Greece_power.tsv
./country_France_vs_New_Zealand_power.tsv
./country_Norway_vs_Japan_power.tsv
./country_Canada_vs_New_Zealand_power.tsv
./country_Australia_vs_Belgium_power.tsv
./country_Australia_vs_Morocco_power.tsv
./country_Italy_vs_Austria_power.tsv
./country_Philippines_vs_Singapore_power.tsv
./country_Austria_vs_India_power.tsv
./country_Switzerland_vs_Greece_power.tsv
./country_Netherlands_vs_Jersey_power.tsv
./country_Greece_vs_Czech_Republic_power.tsv
./country_Germany_vs_Switzerland_power.tsv
./country_Singapore_vs_Czech_Republic_power.tsv
./country_United_Kingdom_vs_Austria_power.tsv
./country_Greece_vs_New_Zealand_power.tsv
./country_USA_vs_Switzerland_power.tsv
./country_Philippines_vs_Italy_power.tsv
./country_Australia_vs_New_Zealand_power.tsv
./country_Canada_vs_Morocco_power.tsv
./country_Canada_vs_France_power.tsv
./country_Canada_vs_Belgium_power.tsv
./country_Greece_vs_Austria_power.tsv
./country_Philippines_vs_New_Zealand_power.tsv
./country_Australia_vs_Sweden_power.tsv
./country_United_Kingdom_vs_Sweden_power.tsv
./country_United_Kingdom_vs_India_power.tsv
./country_Norway_vs_Jersey_power.tsv
./country_United_Kingdom_vs_Thailand_power.tsv
./country_Ireland_vs_Singapore_power.tsv
./country_Germany_vs_Australia_power.tsv
./country_Greece_vs_Thailand_power.tsv
./country_Italy_vs_Czech_Republic_power.tsv
./country_Greece_vs_India_power.tsv
./country_France_vs_Czech_Republic_power.tsv
./country_United_Kingdom_vs_Netherlands_power.tsv
./country_USA_vs_Norway_power.tsv
./country_France_vs_Sweden_power.tsv
./country_Sweden_vs_India_power.tsv
./country_France_vs_Philippines_power.tsv
./country_Canada_vs_Philippines_power.tsv
./country_Canada_vs_Ireland_power.tsv
./country_Italy_vs_Jersey_power.tsv
./country_Germany_vs_Canada_power.tsv
./country_Singapore_vs_Jersey_power.tsv
./country_Austria_vs_New_Zealand_power.tsv
./country_Denmark_vs_France_power.tsv
./country_Sweden_vs_Switzerland_power.tsv
./country_Austria_vs_Singapore_power.tsv
./country_Belgium_vs_India_power.tsv
./country_Austria_vs_Thailand_power.tsv
./country_Switzerland_vs_Czech_Republic_power.tsv
./country_USA_vs_Greece_power.tsv
./country_USA_vs_Denmark_power.tsv
./country_USA_vs_Singapore_power.tsv
./country_Italy_vs_Thailand_power.tsv
./country_Japan_vs_Greece_power.tsv
./country_Germany_vs_Denmark_power.tsv
./country_Japan_vs_Austria_power.tsv
./country_Norway_vs_Singapore_power.tsv
./country_Germany_vs_Czech_Republic_power.tsv
./country_Ireland_vs_Jersey_power.tsv
./country_United_Kingdom_vs_Canada_power.tsv
./country_Morocco_vs_Thailand_power.tsv
./country_Norway_vs_Spain_power.tsv
./country_United_Kingdom_vs_Denmark_power.tsv
./country_Australia_vs_Philippines_power.tsv
./country_Australia_vs_Ireland_power.tsv
./country_USA_vs_Czech_Republic_power.tsv
./country_Spain_vs_India_power.tsv
./country_Spain_vs_Philippines_power.tsv
./country_Japan_vs_Belgium_power.tsv
./country_Germany_vs_France_power.tsv
./country_Austria_vs_Czech_Republic_power.tsv
./country_Ireland_vs_Greece_power.tsv
./country_Japan_vs_Morocco_power.tsv
./country_Australia_vs_Denmark_power.tsv
./country_Netherlands_vs_Thailand_power.tsv
./country_United_Kingdom_vs_Ireland_power.tsv
./country_Germany_vs_Netherlands_power.tsv
./country_Spain_vs_Thailand_power.tsv
./country_Ireland_vs_Spain_power.tsv
./country_United_Kingdom_vs_Germany_power.tsv
./country_Switzerland_vs_Italy_power.tsv
./country_Czech_Republic_vs_Thailand_power.tsv
./country_Germany_vs_Ireland_power.tsv
./country_USA_vs_Germany_power.tsv
./country_Denmark_vs_Switzerland_power.tsv
./country_Belgium_vs_Thailand_power.tsv
./country_Japan_vs_Jersey_power.tsv
./country_USA_vs_Ireland_power.tsv
./country_France_vs_Thailand_power.tsv
./country_Canada_vs_Australia_power.tsv
./country_Canada_vs_Spain_power.tsv
./country_Ireland_vs_New_Zealand_power.tsv
./country_Australia_vs_Italy_power.tsv
./country_Germany_vs_Italy_power.tsv
./country_Australia_vs_Japan_power.tsv
./country_Germany_vs_Japan_power.tsv
./country_Australia_vs_France_power.tsv
./country_United_Kingdom_vs_France_power.tsv
./country_United_Kingdom_vs_Singapore_power.tsv
./country_USA_vs_Jersey_power.tsv
./country_Austria_vs_Morocco_power.tsv
./country_Japan_vs_Switzerland_power.tsv
./country_Canada_vs_Sweden_power.tsv
./country_United_Kingdom_vs_Switzerland_power.tsv
./country_New_Zealand_vs_Singapore_power.tsv
./country_Netherlands_vs_Japan_power.tsv
./country_India_vs_Morocco_power.tsv
./country_USA_vs_Netherlands_power.tsv
./country_Singapore_vs_India_power.tsv
./country_Netherlands_vs_Italy_power.tsv
./country_Canada_vs_Denmark_power.tsv
./country_Netherlands_vs_Switzerland_power.tsv
./country_Ireland_vs_Thailand_power.tsv
./country_USA_vs_Spain_power.tsv
./country_Norway_vs_New_Zealand_power.tsv
./country_Belgium_vs_Jersey_power.tsv
./country_Morocco_vs_Jersey_power.tsv
./country_France_vs_Greece_power.tsv
./country_USA_vs_India_power.tsv
./country_Norway_vs_Denmark_power.tsv
./country_Australia_vs_Norway_power.tsv
./country_United_Kingdom_vs_Norway_power.tsv
./country_Germany_vs_Philippines_power.tsv
./country_Norway_vs_France_power.tsv
./country_USA_vs_Australia_power.tsv
./country_Netherlands_vs_Czech_Republic_power.tsv
./country_Canada_vs_India_power.tsv
./country_Philippines_vs_Czech_Republic_power.tsv
./country_Sweden_vs_New_Zealand_power.tsv
./country_Canada_vs_Czech_Republic_power.tsv
./country_Netherlands_vs_Austria_power.tsv
./country_USA_vs_Sweden_power.tsv
./country_Canada_vs_Jersey_power.tsv
./country_Belgium_vs_Austria_power.tsv
./country_France_vs_Italy_power.tsv
./country_Germany_vs_Norway_power.tsv
./country_France_vs_Morocco_power.tsv
./country_Japan_vs_India_power.tsv
./country_France_vs_Japan_power.tsv
./country_Netherlands_vs_Singapore_power.tsv
./country_France_vs_Belgium_power.tsv
./country_Sweden_vs_Singapore_power.tsv
./country_France_vs_Singapore_power.tsv
./country_Greece_vs_Singapore_power.tsv
./country_Ireland_vs_India_power.tsv
./country_USA_vs_Philippines_power.tsv
./country_Denmark_vs_Italy_power.tsv
./country_Switzerland_vs_Thailand_power.tsv
./country_Sweden_vs_Thailand_power.tsv
./country_Denmark_vs_Japan_power.tsv
./country_Denmark_vs_Ireland_power.tsv
./country_Norway_vs_India_power.tsv
./country_Czech_Republic_vs_Morocco_power.tsv
./country_Ireland_vs_Sweden_power.tsv
./country_United_Kingdom_vs_Australia_power.tsv
./country_Canada_vs_Singapore_power.tsv
./country_Australia_vs_Thailand_power.tsv
./country_France_vs_Netherlands_power.tsv
./country_Canada_vs_Netherlands_power.tsv
./country_Belgium_vs_Morocco_power.tsv
./country_Belgium_vs_New_Zealand_power.tsv
./country_Denmark_vs_New_Zealand_power.tsv
./country_France_vs_Austria_power.tsv
./country_United_Kingdom_vs_New_Zealand_power.tsv
./country_Switzerland_vs_Philippines_power.tsv
./country_Japan_vs_New_Zealand_power.tsv
./country_Netherlands_vs_Morocco_power.tsv
./country_Singapore_vs_Morocco_power.tsv
./country_Canada_vs_Greece_power.tsv
./country_India_vs_Jersey_power.tsv
./country_Switzerland_vs_Singapore_power.tsv
./country_Greece_vs_Italy_power.tsv
./country_Netherlands_vs_Belgium_power.tsv
./country_Italy_vs_Singapore_power.tsv
./country_Ireland_vs_Switzerland_power.tsv
./country_Belgium_vs_Singapore_power.tsv
./country_Philippines_vs_India_power.tsv
./country_Denmark_vs_Czech_Republic_power.tsv
./country_India_vs_Thailand_power.tsv
./country_Norway_vs_Switzerland_power.tsv
./country_France_vs_Jersey_power.tsv
./country_Norway_vs_Ireland_power.tsv
./country_Singapore_vs_Thailand_power.tsv
./country_New_Zealand_vs_Czech_Republic_power.tsv
./country_Netherlands_vs_New_Zealand_power.tsv
./country_Australia_vs_Netherlands_power.tsv
./country_United_Kingdom_vs_Japan_power.tsv
./country_United_Kingdom_vs_Italy_power.tsv
./country_Sweden_vs_Spain_power.tsv
./country_New_Zealand_vs_Thailand_power.tsv
./country_Denmark_vs_Philippines_power.tsv
./country_Spain_vs_Singapore_power.tsv
./country_Sweden_vs_Czech_Republic_power.tsv
./country_Belgium_vs_Italy_power.tsv
./country_Norway_vs_Sweden_power.tsv
./country_Netherlands_vs_Ireland_power.tsv
./country_Canada_vs_Norway_power.tsv
./country_Sweden_vs_Austria_power.tsv
./country_Sweden_vs_Jersey_power.tsv
./country_Czech_Republic_vs_Jersey_power.tsv
./country_Sweden_vs_Japan_power.tsv
./country_Denmark_vs_Singapore_power.tsv
./country_USA_vs_France_power.tsv
./country_United_Kingdom_vs_Czech_Republic_power.tsv
./country_Spain_vs_Switzerland_power.tsv
./country_United_Kingdom_vs_Spain_power.tsv
./country_Sweden_vs_Italy_power.tsv
./country_United_Kingdom_vs_Jersey_power.tsv
./country_Norway_vs_Morocco_power.tsv
./country_Denmark_vs_Greece_power.tsv
./country_Australia_vs_Jersey_power.tsv
./country_Norway_vs_Belgium_power.tsv
./country_Netherlands_vs_Philippines_power.tsv
./country_Denmark_vs_Belgium_power.tsv
./country_Spain_vs_Japan_power.tsv
./country_Spain_vs_Italy_power.tsv
./country_Germany_vs_Thailand_power.tsv
./country_Denmark_vs_Morocco_power.tsv
./country_Netherlands_vs_Sweden_power.tsv
./country_Philippines_vs_Thailand_power.tsv
./country_USA_vs_Thailand_power.tsv
./country_Philippines_vs_Morocco_power.tsv
./country_Philippines_vs_Belgium_power.tsv
./country_United_Kingdom_vs_Philippines_power.tsv
./country_Switzerland_vs_New_Zealand_power.tsv
./country_Japan_vs_Philippines_power.tsv
./country_Germany_vs_Jersey_power.tsv
./country_France_vs_Spain_power.tsv
./country_Sweden_vs_Philippines_power.tsv
./country_Australia_vs_Czech_Republic_power.tsv
./country_France_vs_Ireland_power.tsv
./country_Philippines_vs_Austria_power.tsv
./country_USA_vs_Canada_power.tsv
./country_Germany_vs_Greece_power.tsv
./country_Denmark_vs_Spain_power.tsv
./country_New_Zealand_vs_India_power.tsv
./country_Germany_vs_New_Zealand_power.tsv
./country_India_vs_Czech_Republic_power.tsv
./country_Japan_vs_Singapore_power.tsv
./country_Denmark_vs_Austria_power.tsv
./country_France_vs_Switzerland_power.tsv
./country_Switzerland_vs_India_power.tsv
./country_Germany_vs_Singapore_power.tsv
./country_Canada_vs_Switzerland_power.tsv
./country_Canada_vs_Thailand_power.tsv
./country_Norway_vs_Netherlands_power.tsv
./country_Netherlands_vs_India_power.tsv
./country_Sweden_vs_Greece_power.tsv
./country_Australia_vs_Greece_power.tsv
./country_Norway_vs_Austria_power.tsv
./country_Denmark_vs_Jersey_power.tsv
./country_United_Kingdom_vs_Greece_power.tsv
./country_USA_vs_New_Zealand_power.tsv
./country_Australia_vs_Switzerland_power.tsv
./country_Germany_vs_India_power.tsv
./country_Australia_vs_India_power.tsv
./country_United_Kingdom_vs_USA_power.tsv
./country_Sweden_vs_Morocco_power.tsv
./country_Sweden_vs_Belgium_power.tsv
./country_Spain_vs_Czech_Republic_power.tsv
[ Thu Mar  3 16:45:44 PST 2022 ] :: Finish script
